<?xml version="1.0" encoding="UTF-8"?>
<!-- Generated by org.testng.reporters.JUnitReportReporter -->
<testsuite hostname="phptravel-5wcfs" name="mytests.Test1" tests="1" failures="0" timestamp="30 Oct 2018 12:05:59 GMT" time="2.896" errors="0">
  <testcase name="user_should_navigate_to_mercurytours" time="2.896" classname="mytests.Test1"/>
</testsuite> <!-- mytests.Test1 -->
